2018-10-19 14:55:26 [restartedMain] INFO  o.s.c.a.AnnotationConfigApplicationContext  - Refreshing org.springframework.context.annotation.AnnotationConfigApplicationContext@2674df46: startup date [Fri Oct 19 14:55:26 CST 2018]; root of context hierarchy
2018-10-19 14:55:26 [background-preinit] INFO  o.h.validator.internal.util.Version  - HV000001: Hibernate Validator 5.2.4.Final
2018-10-19 14:55:26 [restartedMain] INFO  o.s.b.f.a.AutowiredAnnotationBeanPostProcessor  - JSR-330 'javax.inject.Inject' annotation found and supported for autowiring
2018-10-19 14:55:27 [restartedMain] INFO  o.s.c.s.PostProcessorRegistrationDelegate$BeanPostProcessorChecker  - Bean 'configurationPropertiesRebinderAutoConfiguration' of type [org.springframework.cloud.autoconfigure.ConfigurationPropertiesRebinderAutoConfiguration$$EnhancerBySpringCGLIB$$7bb91701] is not eligible for getting processed by all BeanPostProcessors (for example: not eligible for auto-proxying)
2018-10-19 14:55:27 [restartedMain] INFO  c.h.w.o.ApplicationStarter  - The following profiles are active: dev
2018-10-19 14:55:27 [restartedMain] INFO  o.s.b.c.e.AnnotationConfigEmbeddedWebApplicationContext  - Refreshing org.springframework.boot.context.embedded.AnnotationConfigEmbeddedWebApplicationContext@18643c6e: startup date [Fri Oct 19 14:55:27 CST 2018]; parent: org.springframework.context.annotation.AnnotationConfigApplicationContext@2674df46
2018-10-19 14:55:30 [restartedMain] INFO  o.s.d.r.c.RepositoryConfigurationDelegate  - Multiple Spring Data modules found, entering strict repository configuration mode!
2018-10-19 14:55:30 [restartedMain] INFO  o.s.d.r.c.RepositoryConfigurationDelegate  - Multiple Spring Data modules found, entering strict repository configuration mode!
2018-10-19 14:55:30 [restartedMain] INFO  o.s.d.r.c.RepositoryConfigurationExtensionSupport  - Spring Data Redis - Could not safely identify store assignment for repository candidate interface com.hecheng.wechat.openplatform.repository.WeChatCacheRepository.
2018-10-19 14:55:30 [restartedMain] INFO  o.s.d.r.c.RepositoryConfigurationExtensionSupport  - Spring Data Redis - Could not safely identify store assignment for repository candidate interface com.hecheng.wechat.openplatform.repository.OperatorRepository.
2018-10-19 14:55:30 [restartedMain] INFO  o.s.d.r.c.RepositoryConfigurationExtensionSupport  - Spring Data Redis - Could not safely identify store assignment for repository candidate interface com.hecheng.wechat.openplatform.repository.RoleRepository.
2018-10-19 14:55:30 [restartedMain] INFO  o.s.d.r.c.RepositoryConfigurationExtensionSupport  - Spring Data Redis - Could not safely identify store assignment for repository candidate interface com.hecheng.wechat.openplatform.repository.UserContactRepository.
2018-10-19 14:55:30 [restartedMain] INFO  o.s.d.r.c.RepositoryConfigurationExtensionSupport  - Spring Data Redis - Could not safely identify store assignment for repository candidate interface com.hecheng.wechat.openplatform.repository.UserRepository.
2018-10-19 14:55:30 [restartedMain] INFO  o.s.d.r.c.RepositoryConfigurationExtensionSupport  - Spring Data Redis - Could not safely identify store assignment for repository candidate interface com.hecheng.wechat.openplatform.repository.SecurityRepository.
2018-10-19 14:55:30 [restartedMain] INFO  o.s.d.r.c.RepositoryConfigurationExtensionSupport  - Spring Data Redis - Could not safely identify store assignment for repository candidate interface com.hecheng.wechat.openplatform.repository.ThirdPartUserRepository.
2018-10-19 14:55:30 [restartedMain] INFO  o.s.d.r.c.RepositoryConfigurationExtensionSupport  - Spring Data Redis - Could not safely identify store assignment for repository candidate interface com.hecheng.wechat.openplatform.repository.ValidCodeRepository.
2018-10-19 14:55:30 [restartedMain] INFO  o.s.d.r.c.RepositoryConfigurationExtensionSupport  - Spring Data Redis - Could not safely identify store assignment for repository candidate interface com.hecheng.wechat.openplatform.repository.CompetenceRepository.
2018-10-19 14:55:30 [restartedMain] INFO  o.s.i.config.IntegrationRegistrar  - No bean named 'integrationHeaderChannelRegistry' has been explicitly defined. Therefore, a default DefaultHeaderChannelRegistry will be created.
2018-10-19 14:55:31 [restartedMain] INFO  o.s.b.f.s.DefaultListableBeanFactory  - Overriding bean definition for bean 'retryTemplate' with a different definition: replacing [Root bean: class [null]; scope=; abstract=false; lazyInit=false; autowireMode=3; dependencyCheck=0; autowireCandidate=true; primary=false; factoryBeanName=org.springframework.cloud.client.loadbalancer.LoadBalancerAutoConfiguration$RetryAutoConfiguration; factoryMethodName=retryTemplate; initMethodName=null; destroyMethodName=(inferred); defined in class path resource [org/springframework/cloud/client/loadbalancer/LoadBalancerAutoConfiguration$RetryAutoConfiguration.class]] with [Root bean: class [null]; scope=; abstract=false; lazyInit=false; autowireMode=3; dependencyCheck=0; autowireCandidate=true; primary=false; factoryBeanName=org.springframework.cloud.netflix.feign.ribbon.FeignRibbonClientAutoConfiguration; factoryMethodName=retryTemplate; initMethodName=null; destroyMethodName=(inferred); defined in class path resource [org/springframework/cloud/netflix/feign/ribbon/FeignRibbonClientAutoConfiguration.class]]
2018-10-19 14:55:31 [restartedMain] WARN  o.s.c.a.ConfigurationClassPostProcessor  - Cannot enhance @Configuration bean definition 'refreshScope' since its singleton instance has been created too early. The typical cause is a non-static @Bean method with a BeanDefinitionRegistryPostProcessor return type: Consider declaring such methods as 'static'.
2018-10-19 14:55:31 [restartedMain] INFO  o.s.cloud.context.scope.GenericScope  - BeanFactory id=89be4f36-a4dd-372c-a181-cccd17dda1ba
2018-10-19 14:55:31 [restartedMain] INFO  o.s.i.c.DefaultConfiguringBeanFactoryPostProcessor  - No bean named 'errorChannel' has been explicitly defined. Therefore, a default PublishSubscribeChannel will be created.
2018-10-19 14:55:31 [restartedMain] INFO  o.s.i.c.DefaultConfiguringBeanFactoryPostProcessor  - No bean named 'taskScheduler' has been explicitly defined. Therefore, a default ThreadPoolTaskScheduler will be created.
2018-10-19 14:55:31 [restartedMain] INFO  o.s.b.f.a.AutowiredAnnotationBeanPostProcessor  - JSR-330 'javax.inject.Inject' annotation found and supported for autowiring
2018-10-19 14:55:31 [restartedMain] INFO  o.s.c.s.PostProcessorRegistrationDelegate$BeanPostProcessorChecker  - Bean 'org.springframework.transaction.annotation.ProxyTransactionManagementConfiguration' of type [org.springframework.transaction.annotation.ProxyTransactionManagementConfiguration$$EnhancerBySpringCGLIB$$5f9f1404] is not eligible for getting processed by all BeanPostProcessors (for example: not eligible for auto-proxying)
2018-10-19 14:55:31 [restartedMain] INFO  o.s.c.s.PostProcessorRegistrationDelegate$BeanPostProcessorChecker  - Bean 'org.springframework.security.config.annotation.configuration.ObjectPostProcessorConfiguration' of type [org.springframework.security.config.annotation.configuration.ObjectPostProcessorConfiguration$$EnhancerBySpringCGLIB$$f84cdc3e] is not eligible for getting processed by all BeanPostProcessors (for example: not eligible for auto-proxying)
2018-10-19 14:55:31 [restartedMain] INFO  o.s.c.s.PostProcessorRegistrationDelegate$BeanPostProcessorChecker  - Bean 'objectPostProcessor' of type [org.springframework.security.config.annotation.configuration.AutowireBeanFactoryObjectPostProcessor] is not eligible for getting processed by all BeanPostProcessors (for example: not eligible for auto-proxying)
2018-10-19 14:55:31 [restartedMain] INFO  o.s.c.s.PostProcessorRegistrationDelegate$BeanPostProcessorChecker  - Bean 'org.springframework.security.access.expression.method.DefaultMethodSecurityExpressionHandler@28c4ddd7' of type [org.springframework.security.oauth2.provider.expression.OAuth2MethodSecurityExpressionHandler] is not eligible for getting processed by all BeanPostProcessors (for example: not eligible for auto-proxying)
2018-10-19 14:55:31 [restartedMain] INFO  o.s.c.s.PostProcessorRegistrationDelegate$BeanPostProcessorChecker  - Bean 'org.springframework.security.config.annotation.method.configuration.GlobalMethodSecurityConfiguration' of type [org.springframework.security.config.annotation.method.configuration.GlobalMethodSecurityConfiguration$$EnhancerBySpringCGLIB$$1d217ef0] is not eligible for getting processed by all BeanPostProcessors (for example: not eligible for auto-proxying)
2018-10-19 14:55:31 [restartedMain] INFO  o.s.c.s.PostProcessorRegistrationDelegate$BeanPostProcessorChecker  - Bean 'methodSecurityMetadataSource' of type [org.springframework.security.access.method.DelegatingMethodSecurityMetadataSource] is not eligible for getting processed by all BeanPostProcessors (for example: not eligible for auto-proxying)
2018-10-19 14:55:31 [restartedMain] INFO  o.s.c.s.PostProcessorRegistrationDelegate$BeanPostProcessorChecker  - Bean 'integrationGlobalProperties' of type [org.springframework.beans.factory.config.PropertiesFactoryBean] is not eligible for getting processed by all BeanPostProcessors (for example: not eligible for auto-proxying)
2018-10-19 14:55:31 [restartedMain] INFO  o.s.c.s.PostProcessorRegistrationDelegate$BeanPostProcessorChecker  - Bean 'integrationGlobalProperties' of type [java.util.Properties] is not eligible for getting processed by all BeanPostProcessors (for example: not eligible for auto-proxying)
2018-10-19 14:55:31 [restartedMain] INFO  o.s.c.s.PostProcessorRegistrationDelegate$BeanPostProcessorChecker  - Bean 'org.springframework.cloud.autoconfigure.ConfigurationPropertiesRebinderAutoConfiguration' of type [org.springframework.cloud.autoconfigure.ConfigurationPropertiesRebinderAutoConfiguration$$EnhancerBySpringCGLIB$$7bb91701] is not eligible for getting processed by all BeanPostProcessors (for example: not eligible for auto-proxying)
2018-10-19 14:55:33 [restartedMain] INFO  org.xnio  - XNIO version 3.3.6.Final
2018-10-19 14:55:33 [restartedMain] INFO  org.xnio.nio  - XNIO NIO Implementation Version 3.3.6.Final
2018-10-19 14:55:33 [restartedMain] WARN  io.undertow.websockets.jsr  - UT026009: XNIO worker was not set on WebSocketDeploymentInfo, the default worker will be used
2018-10-19 14:55:33 [restartedMain] WARN  io.undertow.websockets.jsr  - UT026010: Buffer pool was not set on WebSocketDeploymentInfo, the default pool will be used
2018-10-19 14:55:33 [restartedMain] INFO  io.undertow.servlet  - Initializing Spring embedded WebApplicationContext
2018-10-19 14:55:33 [restartedMain] INFO  o.s.web.context.ContextLoader  - Root WebApplicationContext: initialization completed in 5766 ms
2018-10-19 14:55:34 [restartedMain] INFO  o.s.o.j.LocalContainerEntityManagerFactoryBean  - Building JPA container EntityManagerFactory for persistence unit 'default'
2018-10-19 14:55:34 [restartedMain] INFO  o.h.jpa.internal.util.LogHelper  - HHH000204: Processing PersistenceUnitInfo [
	name: default
	...]
2018-10-19 14:55:34 [restartedMain] INFO  org.hibernate.Version  - HHH000412: Hibernate Core {5.0.12.Final}
2018-10-19 14:55:34 [restartedMain] INFO  org.hibernate.cfg.Environment  - HHH000206: hibernate.properties not found
2018-10-19 14:55:34 [restartedMain] INFO  org.hibernate.cfg.Environment  - HHH000021: Bytecode provider name : javassist
2018-10-19 14:55:34 [restartedMain] INFO  o.h.annotations.common.Version  - HCANN000001: Hibernate Commons Annotations {5.0.1.Final}
2018-10-19 14:55:35 [restartedMain] INFO  c.alibaba.druid.pool.DruidDataSource  - {dataSource-1} inited
2018-10-19 14:55:35 [restartedMain] INFO  org.hibernate.dialect.Dialect  - HHH000400: Using dialect: org.hibernate.dialect.MySQL5Dialect
2018-10-19 14:55:36 [restartedMain] INFO  o.h.tool.hbm2ddl.SchemaUpdate  - HHH000228: Running hbm2ddl schema update
2018-10-19 14:55:36 [restartedMain] INFO  o.h.t.s.e.i.InformationExtractorJdbcDatabaseMetaDataImpl  - HHH000262: Table not found: competence
2018-10-19 14:55:36 [restartedMain] INFO  o.h.t.s.e.i.InformationExtractorJdbcDatabaseMetaDataImpl  - HHH000262: Table not found: competence
2018-10-19 14:55:36 [restartedMain] INFO  o.h.t.s.e.i.InformationExtractorJdbcDatabaseMetaDataImpl  - HHH000262: Table not found: operator
2018-10-19 14:55:36 [restartedMain] INFO  o.h.t.s.e.i.InformationExtractorJdbcDatabaseMetaDataImpl  - HHH000262: Table not found: operator
2018-10-19 14:55:36 [restartedMain] INFO  o.h.t.s.e.i.InformationExtractorJdbcDatabaseMetaDataImpl  - HHH000262: Table not found: role
2018-10-19 14:55:36 [restartedMain] INFO  o.h.t.s.e.i.InformationExtractorJdbcDatabaseMetaDataImpl  - HHH000262: Table not found: role
2018-10-19 14:55:36 [restartedMain] INFO  o.h.t.s.e.i.InformationExtractorJdbcDatabaseMetaDataImpl  - HHH000262: Table not found: role_competence
2018-10-19 14:55:36 [restartedMain] INFO  o.h.t.s.e.i.InformationExtractorJdbcDatabaseMetaDataImpl  - HHH000262: Table not found: role_competence
2018-10-19 14:55:37 [restartedMain] INFO  o.h.t.s.e.i.InformationExtractorJdbcDatabaseMetaDataImpl  - HHH000262: Table not found: role_operator
2018-10-19 14:55:37 [restartedMain] INFO  o.h.t.s.e.i.InformationExtractorJdbcDatabaseMetaDataImpl  - HHH000262: Table not found: role_operator
2018-10-19 14:55:37 [restartedMain] INFO  o.h.t.s.e.i.InformationExtractorJdbcDatabaseMetaDataImpl  - HHH000262: Table not found: third_users
2018-10-19 14:55:37 [restartedMain] INFO  o.h.t.s.e.i.InformationExtractorJdbcDatabaseMetaDataImpl  - HHH000262: Table not found: third_users
2018-10-19 14:55:37 [restartedMain] INFO  o.h.t.s.e.i.InformationExtractorJdbcDatabaseMetaDataImpl  - HHH000262: Table not found: user_contact
2018-10-19 14:55:37 [restartedMain] INFO  o.h.t.s.e.i.InformationExtractorJdbcDatabaseMetaDataImpl  - HHH000262: Table not found: user_contact
2018-10-19 14:55:37 [restartedMain] INFO  o.h.t.s.e.i.InformationExtractorJdbcDatabaseMetaDataImpl  - HHH000262: Table not found: users
2018-10-19 14:55:37 [restartedMain] INFO  o.h.t.s.e.i.InformationExtractorJdbcDatabaseMetaDataImpl  - HHH000262: Table not found: users
2018-10-19 14:55:38 [restartedMain] INFO  o.h.t.s.e.i.InformationExtractorJdbcDatabaseMetaDataImpl  - HHH000262: Table not found: vali_code
2018-10-19 14:55:38 [restartedMain] INFO  o.h.t.s.e.i.InformationExtractorJdbcDatabaseMetaDataImpl  - HHH000262: Table not found: vali_code
2018-10-19 14:55:38 [restartedMain] INFO  o.h.t.s.e.i.InformationExtractorJdbcDatabaseMetaDataImpl  - HHH000262: Table not found: wechat_cache
2018-10-19 14:55:38 [restartedMain] INFO  o.h.t.s.e.i.InformationExtractorJdbcDatabaseMetaDataImpl  - HHH000262: Table not found: wechat_cache
2018-10-19 14:55:48 [restartedMain] INFO  o.s.o.j.LocalContainerEntityManagerFactoryBean  - Initialized JPA EntityManagerFactory for persistence unit 'default'
2018-10-19 14:55:48 [restartedMain] INFO  o.h.h.i.QueryTranslatorFactoryInitiator  - HHH000397: Using ASTQueryTranslatorFactory
2018-10-19 14:55:50 [restartedMain] WARN  c.h.w.o.s.s.CustomFilterSecurityInterceptor  - Could not validate configuration attributes as the SecurityMetadataSource did not return any attributes from getAllConfigAttributes()
2018-10-19 14:55:50 [restartedMain] INFO  o.s.b.w.s.FilterRegistrationBean  - Mapping filter: 'characterEncodingFilter' to: [/*]
2018-10-19 14:55:50 [restartedMain] INFO  o.s.b.w.s.FilterRegistrationBean  - Mapping filter: 'springSessionRepositoryFilter' to: [/*]
2018-10-19 14:55:50 [restartedMain] INFO  o.s.b.w.s.FilterRegistrationBean  - Mapping filter: 'hiddenHttpMethodFilter' to: [/*]
2018-10-19 14:55:50 [restartedMain] INFO  o.s.b.w.s.FilterRegistrationBean  - Mapping filter: 'httpPutFormContentFilter' to: [/*]
2018-10-19 14:55:50 [restartedMain] INFO  o.s.b.w.s.FilterRegistrationBean  - Mapping filter: 'requestContextFilter' to: [/*]
2018-10-19 14:55:50 [restartedMain] INFO  o.s.b.w.s.DelegatingFilterProxyRegistrationBean  - Mapping filter: 'springSecurityFilterChain' to: [/*]
2018-10-19 14:55:50 [restartedMain] INFO  o.s.b.w.s.FilterRegistrationBean  - Mapping filter: 'CustomFilterSecurityInterceptor' to: [/*]
2018-10-19 14:55:50 [restartedMain] INFO  o.s.b.w.s.ServletRegistrationBean  - Mapping servlet: 'dispatcherServlet' to [/]
2018-10-19 14:55:51 [restartedMain] INFO  o.s.c.a.AnnotationConfigApplicationContext  - Refreshing org.springframework.context.annotation.AnnotationConfigApplicationContext@4cb83a0b: startup date [Fri Oct 19 14:55:51 CST 2018]; parent: org.springframework.boot.context.embedded.AnnotationConfigEmbeddedWebApplicationContext@18643c6e
2018-10-19 14:55:51 [restartedMain] INFO  o.s.b.f.a.AutowiredAnnotationBeanPostProcessor  - JSR-330 'javax.inject.Inject' annotation found and supported for autowiring
2018-10-19 14:55:51 [restartedMain] INFO  o.s.c.a.AnnotationConfigApplicationContext  - Refreshing org.springframework.context.annotation.AnnotationConfigApplicationContext@41b7e125: startup date [Fri Oct 19 14:55:51 CST 2018]; parent: org.springframework.boot.context.embedded.AnnotationConfigEmbeddedWebApplicationContext@18643c6e
2018-10-19 14:55:51 [restartedMain] INFO  o.s.b.f.a.AutowiredAnnotationBeanPostProcessor  - JSR-330 'javax.inject.Inject' annotation found and supported for autowiring
2018-10-19 14:55:52 [restartedMain] INFO  o.s.w.s.m.m.a.RequestMappingHandlerMapping  - Mapped "{[/v1/competence/],methods=[POST]}" onto public com.hecheng.wechat.openplatform.controller.model.ResponseModel com.hecheng.wechat.openplatform.controller.CompetenceController.addCompetence(com.hecheng.wechat.openplatform.entity.CompetenceEntity,java.security.Principal)
2018-10-19 14:55:52 [restartedMain] INFO  o.s.w.s.m.m.a.RequestMappingHandlerMapping  - Mapped "{[/v1/competence/],methods=[PATCH]}" onto public com.hecheng.wechat.openplatform.controller.model.ResponseModel com.hecheng.wechat.openplatform.controller.CompetenceController.updateCompetence(com.hecheng.wechat.openplatform.entity.CompetenceEntity,java.security.Principal)
2018-10-19 14:55:52 [restartedMain] INFO  o.s.w.s.m.m.a.RequestMappingHandlerMapping  - Mapped "{[/v1/competence/getById],methods=[GET]}" onto public com.hecheng.wechat.openplatform.controller.model.ResponseModel com.hecheng.wechat.openplatform.controller.CompetenceController.getById(java.lang.String)
2018-10-19 14:55:52 [restartedMain] INFO  o.s.w.s.m.m.a.RequestMappingHandlerMapping  - Mapped "{[/v1/competence/findByRoleId],methods=[GET]}" onto public com.hecheng.wechat.openplatform.controller.model.ResponseModel com.hecheng.wechat.openplatform.controller.CompetenceController.findByRoleId(java.lang.String)
2018-10-19 14:55:52 [restartedMain] INFO  o.s.w.s.m.m.a.RequestMappingHandlerMapping  - Mapped "{[/v1/competence/getByCondition],methods=[GET]}" onto public com.hecheng.wechat.openplatform.controller.model.ResponseModel com.hecheng.wechat.openplatform.controller.CompetenceController.getByCondition(java.lang.String,java.lang.String,java.lang.String,java.lang.String,org.springframework.data.domain.Pageable)
2018-10-19 14:55:52 [restartedMain] INFO  o.s.w.s.m.m.a.RequestMappingHandlerMapping  - Mapped "{[/v1/competence/getByAllNoPage],methods=[GET]}" onto public com.hecheng.wechat.openplatform.controller.model.ResponseModel com.hecheng.wechat.openplatform.controller.CompetenceController.getByAllNoPage()
2018-10-19 14:55:52 [restartedMain] INFO  o.s.w.s.m.m.a.RequestMappingHandlerMapping  - Mapped "{[/v1/competence/disableOrUndisable],methods=[POST]}" onto public com.hecheng.wechat.openplatform.controller.model.ResponseModel com.hecheng.wechat.openplatform.controller.CompetenceController.disableOrUndisable(java.lang.String,java.lang.Boolean,java.security.Principal)
2018-10-19 14:55:52 [restartedMain] INFO  o.s.w.s.m.m.a.RequestMappingHandlerMapping  - Mapped "{[/v1/competence/findCompetencePermissionByUrl],methods=[GET]}" onto public com.hecheng.wechat.openplatform.controller.model.ResponseModel com.hecheng.wechat.openplatform.controller.CompetenceController.findCompetencePermissionByUrl(java.security.Principal,java.lang.String,java.lang.String)
2018-10-19 14:55:52 [restartedMain] INFO  o.s.w.s.m.m.a.RequestMappingHandlerMapping  - Mapped "{[/v1/competence/findOrPermissionByUrl],methods=[GET]}" onto public com.hecheng.wechat.openplatform.controller.model.ResponseModel com.hecheng.wechat.openplatform.controller.CompetenceController.findOrPermissionByUrl(java.security.Principal,java.lang.String)
2018-10-19 14:55:52 [restartedMain] INFO  o.s.w.s.m.m.a.RequestMappingHandlerMapping  - Mapped "{[/v1/competence/findAndPermissionByUrl],methods=[GET]}" onto public com.hecheng.wechat.openplatform.controller.model.ResponseModel com.hecheng.wechat.openplatform.controller.CompetenceController.findAndPermissionByUrl(java.security.Principal,java.lang.String)
2018-10-19 14:55:52 [restartedMain] INFO  o.s.w.s.m.m.a.RequestMappingHandlerMapping  - Mapped "{[/v1/competence/findCompetencePermissionById],methods=[GET]}" onto public com.hecheng.wechat.openplatform.controller.model.ResponseModel com.hecheng.wechat.openplatform.controller.CompetenceController.findCompetencePermissionById(java.security.Principal,java.lang.String)
2018-10-19 14:55:52 [restartedMain] INFO  o.s.w.s.m.m.a.RequestMappingHandlerMapping  - Mapped "{[/wx/wxsso/weixinevent],methods=[GET]}" onto public org.springframework.web.servlet.ModelAndView com.hecheng.wechat.openplatform.controller.mvc.WeChatController.doGet(javax.servlet.http.HttpServletRequest,javax.servlet.http.HttpServletResponse) throws javax.servlet.ServletException,java.io.IOException
2018-10-19 14:55:52 [restartedMain] INFO  o.s.w.s.m.m.a.RequestMappingHandlerMapping  - Mapped "{[/wx/wxsso/weixinevent],methods=[POST]}" onto public org.springframework.web.servlet.ModelAndView com.hecheng.wechat.openplatform.controller.mvc.WeChatController.doPost(javax.servlet.http.HttpServletRequest,javax.servlet.http.HttpServletResponse) throws javax.servlet.ServletException,java.io.IOException
2018-10-19 14:55:52 [restartedMain] INFO  o.s.w.s.m.m.a.RequestMappingHandlerMapping  - Mapped "{[/wx/wxsso/go_menu],methods=[GET]}" onto public org.springframework.web.servlet.ModelAndView com.hecheng.wechat.openplatform.controller.mvc.WeChatController.goMenu(javax.servlet.http.HttpServletRequest,javax.servlet.http.HttpServletResponse,com.hecheng.wechat.openplatform.entity.UserEntity)
2018-10-19 14:55:52 [restartedMain] INFO  o.s.w.s.m.m.a.RequestMappingHandlerMapping  - Mapped "{[/wx/wxsso/gotoUrl]}" onto public org.springframework.web.servlet.ModelAndView com.hecheng.wechat.openplatform.controller.mvc.WeChatController.gotoUrl(javax.servlet.http.HttpServletRequest,javax.servlet.http.HttpServletResponse,java.lang.String)
2018-10-19 14:55:52 [restartedMain] INFO  o.s.w.s.m.m.a.RequestMappingHandlerMapping  - Mapped "{[/wx/wxsso/menu_callback]}" onto public org.springframework.web.servlet.ModelAndView com.hecheng.wechat.openplatform.controller.mvc.WeChatController.menuCallback(javax.servlet.http.HttpServletRequest,javax.servlet.http.HttpServletResponse) throws java.io.IOException
2018-10-19 14:55:52 [restartedMain] INFO  o.s.w.s.m.m.a.RequestMappingHandlerMapping  - Mapped "{[/wx/wxsso/testlogin]}" onto public org.springframework.web.servlet.ModelAndView com.hecheng.wechat.openplatform.controller.mvc.WeChatController.testlogin(javax.servlet.http.HttpServletRequest,javax.servlet.http.HttpServletResponse,java.lang.String,java.lang.String)
2018-10-19 14:55:52 [restartedMain] INFO  o.s.w.s.m.m.a.RequestMappingHandlerMapping  - Mapped "{[/wx/wxsso/demo]}" onto public org.springframework.web.servlet.ModelAndView com.hecheng.wechat.openplatform.controller.mvc.WeChatController.share(javax.servlet.http.HttpServletRequest,javax.servlet.http.HttpServletResponse)
2018-10-19 14:55:52 [restartedMain] INFO  o.s.w.s.m.m.a.RequestMappingHandlerMapping  - Mapped "{[/wx/wxsso/subscribe],methods=[GET]}" onto public org.springframework.web.servlet.ModelAndView com.hecheng.wechat.openplatform.controller.mvc.WeChatController.gotoBindTelephone(com.hecheng.wechat.openplatform.entity.UserEntity,java.lang.String,java.lang.String)
2018-10-19 14:55:52 [restartedMain] INFO  o.s.w.s.m.m.a.RequestMappingHandlerMapping  - Mapped "{[/wx/user/updateTelephone],methods=[POST]}" onto public com.hecheng.wechat.openplatform.controller.model.ResponseModel com.hecheng.wechat.openplatform.controller.mvc.WxUserController.updateTelephone(com.hecheng.wechat.openplatform.entity.UserEntity,java.lang.String,java.lang.String)
2018-10-19 14:55:52 [restartedMain] INFO  o.s.w.s.m.m.a.RequestMappingHandlerMapping  - Mapped "{[/wx/user/gotoBindTelephone],methods=[GET]}" onto public org.springframework.web.servlet.ModelAndView com.hecheng.wechat.openplatform.controller.mvc.WxUserController.gotoBindTelephone(com.hecheng.wechat.openplatform.entity.UserEntity,java.lang.String,java.lang.String)
2018-10-19 14:55:52 [restartedMain] INFO  o.s.w.s.m.m.a.RequestMappingHandlerMapping  - Mapped "{[/wx/user/gotoUpdateTelephone],methods=[GET]}" onto public org.springframework.web.servlet.ModelAndView com.hecheng.wechat.openplatform.controller.mvc.WxUserController.gotoUpdateTelephone(com.hecheng.wechat.openplatform.entity.UserEntity)
2018-10-19 14:55:52 [restartedMain] INFO  o.s.w.s.m.m.a.RequestMappingHandlerMapping  - Mapped "{[/wx/user/sendValidCodeValue],methods=[GET]}" onto public com.hecheng.wechat.openplatform.controller.model.ResponseModel com.hecheng.wechat.openplatform.controller.mvc.WxUserController.sendValidCodeValue(java.lang.String)
2018-10-19 14:55:52 [restartedMain] INFO  o.s.w.s.m.m.a.RequestMappingHandlerMapping  - Mapped "{[/v1/operator/],methods=[POST]}" onto public com.hecheng.wechat.openplatform.controller.model.ResponseModel com.hecheng.wechat.openplatform.controller.OperatorController.create(com.hecheng.wechat.openplatform.entity.OperatorEntity,java.security.Principal)
2018-10-19 14:55:52 [restartedMain] INFO  o.s.w.s.m.m.a.RequestMappingHandlerMapping  - Mapped "{[/v1/operator/getById],methods=[GET]}" onto public com.hecheng.wechat.openplatform.controller.model.ResponseModel com.hecheng.wechat.openplatform.controller.OperatorController.getById(java.lang.String,java.security.Principal)
2018-10-19 14:55:52 [restartedMain] INFO  o.s.w.s.m.m.a.RequestMappingHandlerMapping  - Mapped "{[/v1/operator/getByCondition],methods=[GET]}" onto public com.hecheng.wechat.openplatform.controller.model.ResponseModel com.hecheng.wechat.openplatform.controller.OperatorController.getByConditions(java.lang.String,com.hecheng.wechat.openplatform.common.enums.UseStatus,java.lang.String,java.lang.String,java.lang.String,org.springframework.data.domain.Pageable)
2018-10-19 14:55:52 [restartedMain] INFO  o.s.w.s.m.m.a.RequestMappingHandlerMapping  - Mapped "{[/v1/operator/createAndSetRole],methods=[POST]}" onto public com.hecheng.wechat.openplatform.controller.model.ResponseModel com.hecheng.wechat.openplatform.controller.OperatorController.createAndSetRole(com.hecheng.wechat.openplatform.entity.OperatorEntity,java.lang.String,java.security.Principal)
2018-10-19 14:55:52 [restartedMain] INFO  o.s.w.s.m.m.a.RequestMappingHandlerMapping  - Mapped "{[/v1/operator/],methods=[PATCH]}" onto public com.hecheng.wechat.openplatform.controller.model.ResponseModel com.hecheng.wechat.openplatform.controller.OperatorController.modify(com.hecheng.wechat.openplatform.entity.OperatorEntity,java.security.Principal)
2018-10-19 14:55:52 [restartedMain] INFO  o.s.w.s.m.m.a.RequestMappingHandlerMapping  - Mapped "{[/v1/operator/updatePassword],methods=[PATCH]}" onto public com.hecheng.wechat.openplatform.controller.model.ResponseModel com.hecheng.wechat.openplatform.controller.OperatorController.updatePassword(java.lang.String,java.lang.String,java.lang.String,java.security.Principal)
2018-10-19 14:55:52 [restartedMain] INFO  o.s.w.s.m.m.a.RequestMappingHandlerMapping  - Mapped "{[/v1/operator/resetPassword],methods=[PATCH]}" onto public com.hecheng.wechat.openplatform.controller.model.ResponseModel com.hecheng.wechat.openplatform.controller.OperatorController.resetPassword(java.lang.String,java.security.Principal)
2018-10-19 14:55:52 [restartedMain] INFO  o.s.w.s.m.m.a.RequestMappingHandlerMapping  - Mapped "{[/v1/operator/disableOrUsable],methods=[PATCH]}" onto public com.hecheng.wechat.openplatform.controller.model.ResponseModel com.hecheng.wechat.openplatform.controller.OperatorController.disableOrUsable(java.lang.String,boolean,java.security.Principal)
2018-10-19 14:55:52 [restartedMain] INFO  o.s.w.s.m.m.a.RequestMappingHandlerMapping  - Mapped "{[/v1/roles/],methods=[POST]}" onto public com.hecheng.wechat.openplatform.controller.model.ResponseModel com.hecheng.wechat.openplatform.controller.RoleController.addRole(com.hecheng.wechat.openplatform.entity.RoleEntity,java.security.Principal)
2018-10-19 14:55:52 [restartedMain] INFO  o.s.w.s.m.m.a.RequestMappingHandlerMapping  - Mapped "{[/v1/roles/getById],methods=[GET]}" onto public com.hecheng.wechat.openplatform.controller.model.ResponseModel com.hecheng.wechat.openplatform.controller.RoleController.findById(java.lang.String)
2018-10-19 14:55:52 [restartedMain] INFO  o.s.w.s.m.m.a.RequestMappingHandlerMapping  - Mapped "{[/v1/roles/getByCondition],methods=[GET]}" onto public com.hecheng.wechat.openplatform.controller.model.ResponseModel com.hecheng.wechat.openplatform.controller.RoleController.getByConditions(java.lang.String,com.hecheng.wechat.openplatform.common.enums.UseStatus,org.springframework.data.domain.Pageable)
2018-10-19 14:55:52 [restartedMain] INFO  o.s.w.s.m.m.a.RequestMappingHandlerMapping  - Mapped "{[/v1/roles/all],methods=[GET]}" onto public com.hecheng.wechat.openplatform.controller.model.ResponseModel com.hecheng.wechat.openplatform.controller.RoleController.findAllRoles()
2018-10-19 14:55:52 [restartedMain] INFO  o.s.w.s.m.m.a.RequestMappingHandlerMapping  - Mapped "{[/v1/roles],methods=[GET]}" onto public com.hecheng.wechat.openplatform.controller.model.ResponseModel com.hecheng.wechat.openplatform.controller.RoleController.findRoles(java.lang.Integer)
2018-10-19 14:55:52 [restartedMain] INFO  o.s.w.s.m.m.a.RequestMappingHandlerMapping  - Mapped "{[/v1/roles/],methods=[PATCH]}" onto public com.hecheng.wechat.openplatform.controller.model.ResponseModel com.hecheng.wechat.openplatform.controller.RoleController.updateRole(com.hecheng.wechat.openplatform.entity.RoleEntity,java.security.Principal)
2018-10-19 14:55:52 [restartedMain] INFO  o.s.w.s.m.m.a.RequestMappingHandlerMapping  - Mapped "{[/v1/roles/disable],methods=[POST]}" onto public com.hecheng.wechat.openplatform.controller.model.ResponseModel com.hecheng.wechat.openplatform.controller.RoleController.disableRole(java.lang.String,java.security.Principal)
2018-10-19 14:55:52 [restartedMain] INFO  o.s.w.s.m.m.a.RequestMappingHandlerMapping  - Mapped "{[/v1/roles/enable],methods=[POST]}" onto public com.hecheng.wechat.openplatform.controller.model.ResponseModel com.hecheng.wechat.openplatform.controller.RoleController.enableRole(java.lang.String,java.security.Principal)
2018-10-19 14:55:52 [restartedMain] INFO  o.s.w.s.m.m.a.RequestMappingHandlerMapping  - Mapped "{[/v1/roles/getRolesByOperator],methods=[GET]}" onto public com.hecheng.wechat.openplatform.controller.model.ResponseModel com.hecheng.wechat.openplatform.controller.RoleController.getRolesByOperator(java.lang.String,java.security.Principal)
2018-10-19 14:55:52 [restartedMain] INFO  o.s.w.s.m.m.a.RequestMappingHandlerMapping  - Mapped "{[/v1/security/loginSuccess],methods=[POST]}" onto public com.hecheng.wechat.openplatform.controller.model.ResponseModel com.hecheng.wechat.openplatform.controller.SecurityController.loginSuccess(javax.servlet.http.HttpServletRequest,javax.servlet.http.HttpServletResponse,java.security.Principal)
2018-10-19 14:55:52 [restartedMain] INFO  o.s.w.s.m.m.a.RequestMappingHandlerMapping  - Mapped "{[/v1/security/loginFail],methods=[GET || POST]}" onto public com.hecheng.wechat.openplatform.controller.model.ResponseModel com.hecheng.wechat.openplatform.controller.SecurityController.loginFail() throws java.lang.IllegalAccessException
2018-10-19 14:55:52 [restartedMain] INFO  o.s.w.s.m.m.a.RequestMappingHandlerMapping  - Mapped "{[/v1/security/logoutSuccess],methods=[GET]}" onto public com.hecheng.wechat.openplatform.controller.model.ResponseModel com.hecheng.wechat.openplatform.controller.SecurityController.logoutSuccess()
2018-10-19 14:55:52 [restartedMain] INFO  o.s.w.s.m.m.a.RequestMappingHandlerMapping  - Mapped "{[/v1/security/bindRoleForOperator],methods=[POST]}" onto public com.hecheng.wechat.openplatform.controller.model.ResponseModel com.hecheng.wechat.openplatform.controller.SecurityController.bindRoleForOperator(java.lang.String,java.lang.String)
2018-10-19 14:55:52 [restartedMain] INFO  o.s.w.s.m.m.a.RequestMappingHandlerMapping  - Mapped "{[/v1/security/bindRoleForCompetence],methods=[POST]}" onto public com.hecheng.wechat.openplatform.controller.model.ResponseModel com.hecheng.wechat.openplatform.controller.SecurityController.bindRoleAndCompetence(java.lang.String,java.lang.String)
2018-10-19 14:55:52 [restartedMain] INFO  o.s.w.s.m.m.a.RequestMappingHandlerMapping  - Mapped "{[/v1/security/bindRoleForCompetences],methods=[POST]}" onto public com.hecheng.wechat.openplatform.controller.model.ResponseModel com.hecheng.wechat.openplatform.controller.SecurityController.bindRoleAndCompetences(java.lang.String,java.lang.String[])
2018-10-19 14:55:52 [restartedMain] INFO  o.s.w.s.m.m.a.RequestMappingHandlerMapping  - Mapped "{[/v1/security/unbindRoleForOperator],methods=[POST]}" onto public com.hecheng.wechat.openplatform.controller.model.ResponseModel com.hecheng.wechat.openplatform.controller.SecurityController.unbindRoleForOperator(java.lang.String,java.lang.String)
2018-10-19 14:55:52 [restartedMain] INFO  o.s.w.s.m.m.a.RequestMappingHandlerMapping  - Mapped "{[/v1/security/unbindRoleForCompetence],methods=[POST]}" onto public com.hecheng.wechat.openplatform.controller.model.ResponseModel com.hecheng.wechat.openplatform.controller.SecurityController.unbindRoleAndCompetence(java.lang.String,java.lang.String)
2018-10-19 14:55:52 [restartedMain] INFO  o.s.w.s.m.m.a.RequestMappingHandlerMapping  - Mapped "{[/v1/security/unbindRoleForCompetences],methods=[POST]}" onto public com.hecheng.wechat.openplatform.controller.model.ResponseModel com.hecheng.wechat.openplatform.controller.SecurityController.unbindRoleAndCompetences(java.lang.String,java.lang.String[])
2018-10-19 14:55:52 [restartedMain] INFO  o.s.w.s.m.m.a.RequestMappingHandlerMapping  - Mapped "{[/v1/security/bindRolesForOperator],methods=[POST]}" onto public com.hecheng.wechat.openplatform.controller.model.ResponseModel com.hecheng.wechat.openplatform.controller.SecurityController.bindRolesForOperator(java.lang.String[],java.lang.String)
2018-10-19 14:55:52 [restartedMain] INFO  o.s.w.s.m.m.a.RequestMappingHandlerMapping  - Mapped "{[/v1/security/unbindRolesForOperator],methods=[POST]}" onto public com.hecheng.wechat.openplatform.controller.model.ResponseModel com.hecheng.wechat.openplatform.controller.SecurityController.unbindRolesForOperator(java.lang.String[],java.lang.String)
2018-10-19 14:55:52 [restartedMain] INFO  o.s.w.s.m.m.a.RequestMappingHandlerMapping  - Mapped "{[/v1/user/getByConditions],methods=[GET]}" onto public com.hecheng.wechat.openplatform.controller.model.ResponseModel com.hecheng.wechat.openplatform.controller.UserController.getByConditions(java.lang.String,com.hecheng.wechat.openplatform.common.enums.UseStatus,java.lang.String,org.springframework.data.domain.Pageable,java.security.Principal)
2018-10-19 14:55:52 [restartedMain] INFO  o.s.w.s.m.m.a.RequestMappingHandlerMapping  - Mapped "{[/swagger-resources/configuration/ui]}" onto public org.springframework.http.ResponseEntity<springfox.documentation.swagger.web.UiConfiguration> springfox.documentation.swagger.web.ApiResourceController.uiConfiguration()
2018-10-19 14:55:52 [restartedMain] INFO  o.s.w.s.m.m.a.RequestMappingHandlerMapping  - Mapped "{[/swagger-resources]}" onto public org.springframework.http.ResponseEntity<java.util.List<springfox.documentation.swagger.web.SwaggerResource>> springfox.documentation.swagger.web.ApiResourceController.swaggerResources()
2018-10-19 14:55:52 [restartedMain] INFO  o.s.w.s.m.m.a.RequestMappingHandlerMapping  - Mapped "{[/swagger-resources/configuration/security]}" onto public org.springframework.http.ResponseEntity<springfox.documentation.swagger.web.SecurityConfiguration> springfox.documentation.swagger.web.ApiResourceController.securityConfiguration()
2018-10-19 14:55:52 [restartedMain] INFO  o.s.w.s.m.m.a.RequestMappingHandlerMapping  - Mapped "{[/error]}" onto public org.springframework.http.ResponseEntity<java.util.Map<java.lang.String, java.lang.Object>> org.springframework.boot.autoconfigure.web.BasicErrorController.error(javax.servlet.http.HttpServletRequest)
2018-10-19 14:55:52 [restartedMain] INFO  o.s.w.s.m.m.a.RequestMappingHandlerMapping  - Mapped "{[/error],produces=[text/html]}" onto public org.springframework.web.servlet.ModelAndView org.springframework.boot.autoconfigure.web.BasicErrorController.errorHtml(javax.servlet.http.HttpServletRequest,javax.servlet.http.HttpServletResponse)
2018-10-19 14:55:52 [restartedMain] INFO  s.d.s.w.PropertySourcedRequestMappingHandlerMapping  - Mapped URL path [/v2/api-docs] onto method [public org.springframework.http.ResponseEntity<springfox.documentation.spring.web.json.Json> springfox.documentation.swagger2.web.Swagger2Controller.getDocumentation(java.lang.String,javax.servlet.http.HttpServletRequest)]
2018-10-19 14:55:53 [restartedMain] INFO  o.s.s.web.DefaultSecurityFilterChain  - Creating filter chain: org.springframework.security.web.util.matcher.AnyRequestMatcher@1, [org.springframework.security.web.context.request.async.WebAsyncManagerIntegrationFilter@a96c824, org.springframework.security.web.context.SecurityContextPersistenceFilter@14e75b52, org.springframework.security.web.header.HeaderWriterFilter@3aaf33d3, org.springframework.security.web.authentication.logout.LogoutFilter@2f71202c, org.springframework.security.web.authentication.UsernamePasswordAuthenticationFilter@6e73157, org.springframework.security.web.savedrequest.RequestCacheAwareFilter@2543fc24, org.springframework.security.web.servletapi.SecurityContextHolderAwareRequestFilter@506a6f2f, org.springframework.security.web.authentication.rememberme.RememberMeAuthenticationFilter@1fff7e20, org.springframework.security.web.authentication.AnonymousAuthenticationFilter@331ad21, org.springframework.security.web.session.SessionManagementFilter@33a92b41, org.springframework.security.web.access.ExceptionTranslationFilter@7e15817d, org.springframework.security.web.access.intercept.FilterSecurityInterceptor@20ef941d]
2018-10-19 14:55:53 [restartedMain] INFO  o.s.w.s.m.m.a.RequestMappingHandlerAdapter  - Looking for @ControllerAdvice: org.springframework.boot.context.embedded.AnnotationConfigEmbeddedWebApplicationContext@18643c6e: startup date [Fri Oct 19 14:55:27 CST 2018]; parent: org.springframework.context.annotation.AnnotationConfigApplicationContext@2674df46
2018-10-19 14:55:53 [restartedMain] INFO  o.s.w.s.h.SimpleUrlHandlerMapping  - Mapped URL path [/webjars/**] onto handler of type [class org.springframework.web.servlet.resource.ResourceHttpRequestHandler]
2018-10-19 14:55:53 [restartedMain] INFO  o.s.w.s.h.SimpleUrlHandlerMapping  - Mapped URL path [/**] onto handler of type [class org.springframework.web.servlet.resource.ResourceHttpRequestHandler]
2018-10-19 14:55:53 [restartedMain] INFO  o.s.w.s.h.SimpleUrlHandlerMapping  - Mapped URL path [/**/favicon.ico] onto handler of type [class org.springframework.web.servlet.resource.ResourceHttpRequestHandler]
2018-10-19 14:55:54 [restartedMain] INFO  o.s.w.s.v.f.FreeMarkerConfigurer  - ClassTemplateLoader for Spring macros added to FreeMarker configuration
2018-10-19 14:55:54 [restartedMain] INFO  o.s.s.c.ThreadPoolTaskScheduler  - Initializing ExecutorService  'taskScheduler'
2018-10-19 14:55:55 [restartedMain] INFO  o.s.b.d.a.OptionalLiveReloadServer  - LiveReload server is running on port 35729
2018-10-19 14:55:55 [restartedMain] WARN  o.s.b.s.r.RedisStarterDeprecationWarningAutoConfiguration  - spring-boot-starter-redis is deprecated as of Spring Boot 1.4, please migrate to spring-boot-starter-data-redis
2018-10-19 14:55:55 [restartedMain] WARN  o.s.c.n.a.ArchaiusAutoConfiguration  - No spring.application.name found, defaulting to 'application'
2018-10-19 14:55:55 [restartedMain] WARN  c.n.c.sources.URLConfigurationSource  - No URLs will be polled as dynamic configuration sources.
2018-10-19 14:55:55 [restartedMain] INFO  c.n.c.sources.URLConfigurationSource  - To enable URLs as dynamic configuration sources, define System property archaius.configurationSource.additionalUrls or make config.properties available on classpath.
2018-10-19 14:55:55 [restartedMain] WARN  c.n.c.sources.URLConfigurationSource  - No URLs will be polled as dynamic configuration sources.
2018-10-19 14:55:55 [restartedMain] INFO  c.n.c.sources.URLConfigurationSource  - To enable URLs as dynamic configuration sources, define System property archaius.configurationSource.additionalUrls or make config.properties available on classpath.
2018-10-19 14:55:55 [restartedMain] INFO  o.s.j.e.a.AnnotationMBeanExporter  - Registering beans for JMX exposure on startup
2018-10-19 14:55:55 [restartedMain] INFO  o.s.j.e.a.AnnotationMBeanExporter  - Bean with name 'dataSource' has been autodetected for JMX exposure
2018-10-19 14:55:56 [restartedMain] INFO  o.s.j.e.a.AnnotationMBeanExporter  - Bean with name 'integrationMbeanExporter' has been autodetected for JMX exposure
2018-10-19 14:55:56 [restartedMain] INFO  o.s.j.e.a.AnnotationMBeanExporter  - Bean with name 'configurationPropertiesRebinder' has been autodetected for JMX exposure
2018-10-19 14:55:56 [restartedMain] INFO  o.s.j.e.a.AnnotationMBeanExporter  - Bean with name 'refreshScope' has been autodetected for JMX exposure
2018-10-19 14:55:56 [restartedMain] INFO  o.s.j.e.a.AnnotationMBeanExporter  - Bean with name 'environmentManager' has been autodetected for JMX exposure
2018-10-19 14:55:56 [restartedMain] INFO  o.s.j.e.a.AnnotationMBeanExporter  - Located managed bean 'environmentManager': registering with JMX server as MBean [org.springframework.cloud.context.environment:name=environmentManager,type=EnvironmentManager]
2018-10-19 14:55:56 [restartedMain] INFO  o.s.j.e.a.AnnotationMBeanExporter  - Located managed bean 'refreshScope': registering with JMX server as MBean [org.springframework.cloud.context.scope.refresh:name=refreshScope,type=RefreshScope]
2018-10-19 14:55:56 [restartedMain] INFO  o.s.j.e.a.AnnotationMBeanExporter  - Located managed bean 'integrationMbeanExporter': registering with JMX server as MBean [org.springframework.integration.monitor:name=integrationMbeanExporter,type=IntegrationMBeanExporter]
2018-10-19 14:55:56 [restartedMain] INFO  o.s.j.e.a.AnnotationMBeanExporter  - Located managed bean 'configurationPropertiesRebinder': registering with JMX server as MBean [org.springframework.cloud.context.properties:name=configurationPropertiesRebinder,context=18643c6e,type=ConfigurationPropertiesRebinder]
2018-10-19 14:55:56 [restartedMain] INFO  o.s.j.e.a.AnnotationMBeanExporter  - Located MBean 'dataSource': registering with JMX server as MBean [com.alibaba.druid.pool:name=dataSource,type=DruidDataSource]
2018-10-19 14:55:56 [restartedMain] INFO  o.s.i.m.IntegrationMBeanExporter  - Registering beans for JMX exposure on startup
2018-10-19 14:55:56 [restartedMain] INFO  o.s.i.m.IntegrationMBeanExporter  - Registering MessageChannel nullChannel
2018-10-19 14:55:56 [restartedMain] INFO  o.s.i.m.IntegrationMBeanExporter  - Located managed bean 'org.springframework.integration:type=MessageChannel,name=nullChannel': registering with JMX server as MBean [org.springframework.integration:type=MessageChannel,name=nullChannel]
2018-10-19 14:55:56 [restartedMain] INFO  o.s.i.m.IntegrationMBeanExporter  - Registering MessageChannel errorChannel
2018-10-19 14:55:56 [restartedMain] INFO  o.s.i.m.IntegrationMBeanExporter  - Located managed bean 'org.springframework.integration:type=MessageChannel,name=errorChannel': registering with JMX server as MBean [org.springframework.integration:type=MessageChannel,name=errorChannel]
2018-10-19 14:55:56 [restartedMain] INFO  o.s.i.m.IntegrationMBeanExporter  - Registering MessageHandler errorLogger
2018-10-19 14:55:56 [restartedMain] INFO  o.s.i.m.IntegrationMBeanExporter  - Located managed bean 'org.springframework.integration:type=MessageHandler,name=errorLogger,bean=internal': registering with JMX server as MBean [org.springframework.integration:type=MessageHandler,name=errorLogger,bean=internal]
2018-10-19 14:55:56 [restartedMain] INFO  o.s.c.s.DefaultLifecycleProcessor  - Starting beans in phase 0
2018-10-19 14:55:56 [restartedMain] INFO  o.s.i.endpoint.EventDrivenConsumer  - Adding {logging-channel-adapter:_org.springframework.integration.errorLogger} as a subscriber to the 'errorChannel' channel
2018-10-19 14:55:56 [restartedMain] INFO  o.s.i.c.PublishSubscribeChannel  - Channel 'application:dev:7770.errorChannel' has 1 subscriber(s).
2018-10-19 14:55:56 [restartedMain] INFO  o.s.i.endpoint.EventDrivenConsumer  - started _org.springframework.integration.errorLogger
2018-10-19 14:55:56 [restartedMain] INFO  o.s.c.s.DefaultLifecycleProcessor  - Starting beans in phase 2147483647
2018-10-19 14:55:56 [restartedMain] INFO  s.d.s.w.p.DocumentationPluginsBootstrapper  - Context refreshed
2018-10-19 14:55:56 [restartedMain] INFO  s.d.s.w.p.DocumentationPluginsBootstrapper  - Found 1 custom documentation plugin(s)
2018-10-19 14:55:56 [restartedMain] INFO  s.d.s.w.s.ApiListingReferenceScanner  - Scanning for api listing references
2018-10-19 14:55:56 [restartedMain] INFO  o.s.b.c.e.u.UndertowEmbeddedServletContainer  - Undertow started on port(s) 7770 (http)
2018-10-19 14:55:57 [restartedMain] INFO  c.h.w.o.ApplicationStarter  - Started ApplicationStarter in 31.567 seconds (JVM running for 35.984)
2018-10-19 14:56:00 [RMI TCP Connection(9)-127.0.0.1] INFO  o.s.b.a.SpringApplicationAdminMXBeanRegistrar$SpringApplicationAdmin  - Application shutdown requested.
2018-10-19 14:56:00 [RMI TCP Connection(9)-127.0.0.1] INFO  o.s.b.c.e.AnnotationConfigEmbeddedWebApplicationContext  - Closing org.springframework.boot.context.embedded.AnnotationConfigEmbeddedWebApplicationContext@18643c6e: startup date [Fri Oct 19 14:55:27 CST 2018]; parent: org.springframework.context.annotation.AnnotationConfigApplicationContext@2674df46
2018-10-19 14:56:00 [RMI TCP Connection(9)-127.0.0.1] INFO  o.s.c.s.DefaultLifecycleProcessor  - Stopping beans in phase 2147483647
2018-10-19 14:56:00 [RMI TCP Connection(9)-127.0.0.1] INFO  o.s.c.s.DefaultLifecycleProcessor  - Stopping beans in phase 0
2018-10-19 14:56:00 [RMI TCP Connection(9)-127.0.0.1] INFO  o.s.i.endpoint.EventDrivenConsumer  - Removing {logging-channel-adapter:_org.springframework.integration.errorLogger} as a subscriber to the 'errorChannel' channel
2018-10-19 14:56:00 [RMI TCP Connection(9)-127.0.0.1] INFO  o.s.i.c.PublishSubscribeChannel  - Channel 'application:dev:7770.errorChannel' has 0 subscriber(s).
2018-10-19 14:56:00 [RMI TCP Connection(9)-127.0.0.1] INFO  o.s.i.endpoint.EventDrivenConsumer  - stopped _org.springframework.integration.errorLogger
2018-10-19 14:56:00 [RMI TCP Connection(9)-127.0.0.1] INFO  o.s.s.c.ThreadPoolTaskScheduler  - Shutting down ExecutorService 'taskScheduler'
2018-10-19 14:56:00 [RMI TCP Connection(9)-127.0.0.1] INFO  o.s.i.m.IntegrationMBeanExporter  - Unregistering JMX-exposed beans on shutdown
2018-10-19 14:56:00 [RMI TCP Connection(9)-127.0.0.1] INFO  o.s.i.m.IntegrationMBeanExporter  - Unregistering JMX-exposed beans
2018-10-19 14:56:00 [RMI TCP Connection(9)-127.0.0.1] INFO  o.s.i.m.IntegrationMBeanExporter  - Summary on shutdown: nullChannel
2018-10-19 14:56:00 [RMI TCP Connection(9)-127.0.0.1] INFO  o.s.i.m.IntegrationMBeanExporter  - Summary on shutdown: errorChannel
2018-10-19 14:56:00 [RMI TCP Connection(9)-127.0.0.1] INFO  o.s.i.m.IntegrationMBeanExporter  - Summary on shutdown: _org.springframework.integration.errorLogger.handler
2018-10-19 14:56:00 [RMI TCP Connection(9)-127.0.0.1] INFO  o.s.j.e.a.AnnotationMBeanExporter  - Unregistering JMX-exposed beans on shutdown
2018-10-19 14:56:00 [RMI TCP Connection(9)-127.0.0.1] INFO  o.s.j.e.a.AnnotationMBeanExporter  - Unregistering JMX-exposed beans
2018-10-19 14:56:00 [RMI TCP Connection(9)-127.0.0.1] INFO  o.s.c.a.AnnotationConfigApplicationContext  - Closing org.springframework.context.annotation.AnnotationConfigApplicationContext@4cb83a0b: startup date [Fri Oct 19 14:55:51 CST 2018]; parent: org.springframework.boot.context.embedded.AnnotationConfigEmbeddedWebApplicationContext@18643c6e
2018-10-19 14:56:00 [RMI TCP Connection(9)-127.0.0.1] INFO  o.s.c.a.AnnotationConfigApplicationContext  - Closing org.springframework.context.annotation.AnnotationConfigApplicationContext@41b7e125: startup date [Fri Oct 19 14:55:51 CST 2018]; parent: org.springframework.boot.context.embedded.AnnotationConfigEmbeddedWebApplicationContext@18643c6e
2018-10-19 14:56:00 [RMI TCP Connection(9)-127.0.0.1] INFO  o.s.o.j.LocalContainerEntityManagerFactoryBean  - Closing JPA EntityManagerFactory for persistence unit 'default'
2018-10-19 14:56:00 [RMI TCP Connection(9)-127.0.0.1] INFO  c.alibaba.druid.pool.DruidDataSource  - {dataSource-1} closed
